#! /usr/local/iverilog/bin/vvp
:ivl_version "11.0 (devel)" "(s20150603-642-g3bdb50da)";
:ivl_delay_selection "TYPICAL";
:vpi_time_precision + 0;
:vpi_module "system";
:vpi_module "vhdl_sys";
:vpi_module "vhdl_textio";
:vpi_module "v2005_math";
:vpi_module "va_math";
S_000000000130dd10 .scope module, "test_FUNC" "test_FUNC" 2 1;
 .timescale 0 0;
P_0000000000935810 .param/l "PERIOD" 0 2 3, +C4<00000000000000000000000000001010>;
v00000000009355e0_0 .var "CDN", 0 0;
v0000000000935680_0 .var "CLK", 0 0;
v0000000000935720_0 .net "Q", 4 0, L_000000000093afa0;  1 drivers
S_000000000130d900 .scope module, "u_FUNC" "FUNC" 2 21, 2 34 0, S_000000000130dd10;
 .timescale 0 0;
    .port_info 0 /INPUT 1 "CLK";
    .port_info 1 /INPUT 1 "CDN";
    .port_info 2 /OUTPUT 5 "Q";
L_000000000093afa0 .functor BUFZ 5, v0000000000935540_0, C4<00000>, C4<00000>, C4<00000>;
v000000000093adc0_0 .net "CDN", 0 0, v00000000009355e0_0;  1 drivers
v000000000093ae60_0 .net "CLK", 0 0, v0000000000935680_0;  1 drivers
v000000000093af00_0 .net "Q", 4 0, L_000000000093afa0;  alias, 1 drivers
v0000000000935540_0 .var "Q_tmp", 4 0;
E_0000000000936450/0 .event negedge, v000000000093adc0_0;
E_0000000000936450/1 .event posedge, v000000000093ae60_0;
E_0000000000936450 .event/or E_0000000000936450/0, E_0000000000936450/1;
    .scope S_000000000130d900;
T_0 ;
    %wait E_0000000000936450;
    %load/vec4 v000000000093adc0_0;
    %nor/r;
    %flag_set/vec4 8;
    %jmp/0xz  T_0.0, 8;
    %pushi/vec4 0, 0, 1;
    %ix/load 4, 0, 0;
    %ix/load 5, 0, 0;
    %flag_set/imm 4, 0;
    %assign/vec4/off/d v0000000000935540_0, 4, 5;
    %jmp T_0.1;
T_0.0 ;
    %load/vec4 v0000000000935540_0;
    %parti/s 1, 0, 2;
    %inv;
    %ix/load 4, 0, 0;
    %ix/load 5, 0, 0;
    %flag_set/imm 4, 0;
    %assign/vec4/off/d v0000000000935540_0, 4, 5;
T_0.1 ;
    %jmp T_0;
    .thread T_0;
    .scope S_000000000130d900;
T_1 ;
    %wait E_0000000000936450;
    %load/vec4 v000000000093adc0_0;
    %nor/r;
    %flag_set/vec4 8;
    %jmp/0xz  T_1.0, 8;
    %pushi/vec4 0, 0, 1;
    %ix/load 4, 1, 0;
    %ix/load 5, 0, 0;
    %flag_set/imm 4, 0;
    %assign/vec4/off/d v0000000000935540_0, 4, 5;
    %jmp T_1.1;
T_1.0 ;
    %load/vec4 v0000000000935540_0;
    %parti/s 1, 0, 2;
    %load/vec4 v0000000000935540_0;
    %parti/s 1, 1, 2;
    %xor;
    %ix/load 4, 1, 0;
    %ix/load 5, 0, 0;
    %flag_set/imm 4, 0;
    %assign/vec4/off/d v0000000000935540_0, 4, 5;
T_1.1 ;
    %jmp T_1;
    .thread T_1;
    .scope S_000000000130d900;
T_2 ;
    %wait E_0000000000936450;
    %load/vec4 v000000000093adc0_0;
    %nor/r;
    %flag_set/vec4 8;
    %jmp/0xz  T_2.0, 8;
    %pushi/vec4 0, 0, 1;
    %ix/load 4, 2, 0;
    %ix/load 5, 0, 0;
    %flag_set/imm 4, 0;
    %assign/vec4/off/d v0000000000935540_0, 4, 5;
    %jmp T_2.1;
T_2.0 ;
    %load/vec4 v0000000000935540_0;
    %parti/s 1, 2, 3;
    %flag_set/vec4 8;
    %jmp/0 T_2.2, 8;
    %load/vec4 v0000000000935540_0;
    %parti/s 1, 0, 2;
    %load/vec4 v0000000000935540_0;
    %parti/s 1, 1, 2;
    %and;
    %inv;
    %jmp/1 T_2.3, 8;
T_2.2 ; End of true expr.
    %load/vec4 v0000000000935540_0;
    %parti/s 1, 0, 2;
    %load/vec4 v0000000000935540_0;
    %parti/s 1, 1, 2;
    %and;
    %jmp/0 T_2.3, 8;
 ; End of false expr.
    %blend;
T_2.3;
    %ix/load 4, 2, 0;
    %ix/load 5, 0, 0;
    %flag_set/imm 4, 0;
    %assign/vec4/off/d v0000000000935540_0, 4, 5;
T_2.1 ;
    %jmp T_2;
    .thread T_2;
    .scope S_000000000130d900;
T_3 ;
    %wait E_0000000000936450;
    %load/vec4 v000000000093adc0_0;
    %nor/r;
    %flag_set/vec4 8;
    %jmp/0xz  T_3.0, 8;
    %pushi/vec4 0, 0, 1;
    %ix/load 4, 3, 0;
    %ix/load 5, 0, 0;
    %flag_set/imm 4, 0;
    %assign/vec4/off/d v0000000000935540_0, 4, 5;
    %jmp T_3.1;
T_3.0 ;
    %load/vec4 v0000000000935540_0;
    %parti/s 1, 0, 2;
    %load/vec4 v0000000000935540_0;
    %parti/s 1, 1, 2;
    %and;
    %load/vec4 v0000000000935540_0;
    %parti/s 1, 2, 3;
    %and;
    %load/vec4 v0000000000935540_0;
    %parti/s 1, 3, 3;
    %xor;
    %ix/load 4, 3, 0;
    %ix/load 5, 0, 0;
    %flag_set/imm 4, 0;
    %assign/vec4/off/d v0000000000935540_0, 4, 5;
T_3.1 ;
    %jmp T_3;
    .thread T_3;
    .scope S_000000000130d900;
T_4 ;
    %wait E_0000000000936450;
    %load/vec4 v000000000093adc0_0;
    %nor/r;
    %flag_set/vec4 8;
    %jmp/0xz  T_4.0, 8;
    %pushi/vec4 0, 0, 1;
    %ix/load 4, 4, 0;
    %ix/load 5, 0, 0;
    %flag_set/imm 4, 0;
    %assign/vec4/off/d v0000000000935540_0, 4, 5;
    %jmp T_4.1;
T_4.0 ;
    %load/vec4 v0000000000935540_0;
    %parti/s 1, 4, 4;
    %load/vec4 v0000000000935540_0;
    %parti/s 1, 0, 2;
    %load/vec4 v0000000000935540_0;
    %parti/s 1, 1, 2;
    %and;
    %load/vec4 v0000000000935540_0;
    %parti/s 1, 2, 3;
    %and;
    %load/vec4 v0000000000935540_0;
    %parti/s 1, 3, 3;
    %and;
    %xor;
    %ix/load 4, 4, 0;
    %ix/load 5, 0, 0;
    %flag_set/imm 4, 0;
    %assign/vec4/off/d v0000000000935540_0, 4, 5;
T_4.1 ;
    %jmp T_4;
    .thread T_4;
    .scope S_000000000130dd10;
T_5 ;
    %pushi/vec4 1, 0, 1;
    %store/vec4 v0000000000935680_0, 0, 1;
    %pushi/vec4 0, 0, 1;
    %store/vec4 v00000000009355e0_0, 0, 1;
    %end;
    .thread T_5;
    .scope S_000000000130dd10;
T_6 ;
T_6.0 ;
    %delay 5, 0;
    %load/vec4 v0000000000935680_0;
    %inv;
    %store/vec4 v0000000000935680_0, 0, 1;
    %jmp T_6.0;
    %end;
    .thread T_6;
    .scope S_000000000130dd10;
T_7 ;
    %pushi/vec4 1, 0, 1;
    %store/vec4 v00000000009355e0_0, 0, 1;
    %delay 10, 0;
    %pushi/vec4 0, 0, 1;
    %store/vec4 v00000000009355e0_0, 0, 1;
    %delay 10, 0;
    %pushi/vec4 1, 0, 1;
    %store/vec4 v00000000009355e0_0, 0, 1;
    %end;
    .thread T_7;
    .scope S_000000000130dd10;
T_8 ;
    %vpi_call 2 28 "$dumpfile", "test_FUNC_wave.vcd" {0 0 0};
    %vpi_call 2 29 "$dumpvars", 32'sb00000000000000000000000000000000, S_000000000130dd10 {0 0 0};
    %delay 20000, 0;
    %vpi_call 2 30 "$finish" {0 0 0};
    %end;
    .thread T_8;
# The file index is used to find the file name in the following table.
:file_names 3;
    "N/A";
    "<interactive>";
    "FUNC.v";
