#! /usr/local/iverilog/bin/vvp
:ivl_version "11.0 (devel)" "(s20150603-642-g3bdb50da)";
:ivl_delay_selection "TYPICAL";
:vpi_time_precision - 12;
:vpi_module "system";
:vpi_module "vhdl_sys";
:vpi_module "vhdl_textio";
:vpi_module "v2005_math";
:vpi_module "va_math";
S_00000000001fdb00 .scope module, "tb" "tb" 2 3;
 .timescale -12 -12;
v000000000118eb70_0 .var "clk", 0 0;
v000000000118ec10_0 .var "rst", 0 0;
v000000000118ecb0_0 .var "win_last", 0 0;
v000000000118ed50_0 .net "wr_en", 0 0, L_0000000001144c50;  1 drivers
S_00000000001fdc90 .scope module, "myaaa" "aaa" 2 20, 3 1 0, S_00000000001fdb00;
 .timescale -12 -12;
    .port_info 0 /INPUT 1 "clk";
    .port_info 1 /INPUT 1 "rst";
    .port_info 2 /INPUT 1 "win_last";
    .port_info 3 /OUTPUT 1 "wr_en";
P_00000000001fb910 .param/l "s0" 1 3 8, C4<001>;
P_00000000001fb948 .param/l "s1" 1 3 9, C4<010>;
P_00000000001fb980 .param/l "s2" 1 3 10, C4<100>;
L_0000000001144c50 .functor BUFZ 1, v000000000118e8f0_0, C4<0>, C4<0>, C4<0>;
v00000000001fde20_0 .net "clk", 0 0, v000000000118eb70_0;  1 drivers
v00000000001f9b70_0 .var "cnt", 7 0;
v000000000118e850_0 .var "curr_state", 2 0;
v000000000118e8f0_0 .var "fifo_wr_en", 0 0;
v000000000118e990_0 .net "rst", 0 0, v000000000118ec10_0;  1 drivers
v000000000118ea30_0 .net "win_last", 0 0, v000000000118ecb0_0;  1 drivers
v000000000118ead0_0 .net "wr_en", 0 0, L_0000000001144c50;  alias, 1 drivers
E_00000000001f7ea0 .event posedge, v00000000001fde20_0;
    .scope S_00000000001fdc90;
T_0 ;
    %wait E_00000000001f7ea0;
    %load/vec4 v000000000118e990_0;
    %flag_set/vec4 8;
    %jmp/0xz  T_0.0, 8;
    %pushi/vec4 1, 0, 3;
    %assign/vec4 v000000000118e850_0, 0;
    %pushi/vec4 0, 0, 1;
    %assign/vec4 v000000000118e8f0_0, 0;
    %pushi/vec4 0, 0, 8;
    %assign/vec4 v00000000001f9b70_0, 0;
T_0.0 ;
    %load/vec4 v000000000118e850_0;
    %dup/vec4;
    %pushi/vec4 1, 0, 3;
    %cmp/u;
    %jmp/1 T_0.2, 6;
    %dup/vec4;
    %pushi/vec4 2, 0, 3;
    %cmp/u;
    %jmp/1 T_0.3, 6;
    %dup/vec4;
    %pushi/vec4 4, 0, 3;
    %cmp/u;
    %jmp/1 T_0.4, 6;
    %pushi/vec4 1, 0, 3;
    %assign/vec4 v000000000118e850_0, 0;
    %jmp T_0.6;
T_0.2 ;
    %load/vec4 v000000000118ea30_0;
    %flag_set/vec4 8;
    %jmp/0xz  T_0.7, 8;
    %pushi/vec4 2, 0, 3;
    %assign/vec4 v000000000118e850_0, 0;
T_0.7 ;
    %jmp T_0.6;
T_0.3 ;
    %load/vec4 v00000000001f9b70_0;
    %addi 1, 0, 8;
    %assign/vec4 v00000000001f9b70_0, 0;
    %pushi/vec4 1, 0, 1;
    %assign/vec4 v000000000118e8f0_0, 0;
    %load/vec4 v00000000001f9b70_0;
    %cmpi/e 35, 0, 8;
    %jmp/0xz  T_0.9, 4;
    %pushi/vec4 4, 0, 3;
    %assign/vec4 v000000000118e850_0, 0;
T_0.9 ;
    %jmp T_0.6;
T_0.4 ;
    %pushi/vec4 0, 0, 1;
    %assign/vec4 v000000000118e8f0_0, 0;
    %pushi/vec4 4, 0, 3;
    %assign/vec4 v000000000118e850_0, 0;
    %jmp T_0.6;
T_0.6 ;
    %pop/vec4 1;
    %jmp T_0;
    .thread T_0;
    .scope S_00000000001fdb00;
T_1 ;
    %pushi/vec4 0, 0, 1;
    %store/vec4 v000000000118eb70_0, 0, 1;
    %pushi/vec4 0, 0, 1;
    %store/vec4 v000000000118ec10_0, 0, 1;
    %pushi/vec4 0, 0, 1;
    %store/vec4 v000000000118ecb0_0, 0, 1;
    %end;
    .thread T_1;
    .scope S_00000000001fdb00;
T_2 ;
    %delay 5, 0;
    %load/vec4 v000000000118eb70_0;
    %inv;
    %store/vec4 v000000000118eb70_0, 0, 1;
    %jmp T_2;
    .thread T_2;
    .scope S_00000000001fdb00;
T_3 ;
    %delay 10, 0;
    %pushi/vec4 1, 0, 1;
    %store/vec4 v000000000118ec10_0, 0, 1;
    %delay 10, 0;
    %pushi/vec4 0, 0, 1;
    %store/vec4 v000000000118ec10_0, 0, 1;
    %delay 20, 0;
    %pushi/vec4 1, 0, 1;
    %store/vec4 v000000000118ecb0_0, 0, 1;
    %delay 10, 0;
    %pushi/vec4 0, 0, 1;
    %store/vec4 v000000000118ecb0_0, 0, 1;
    %delay 30, 0;
    %pushi/vec4 1, 0, 1;
    %store/vec4 v000000000118ecb0_0, 0, 1;
    %delay 10, 0;
    %pushi/vec4 0, 0, 1;
    %store/vec4 v000000000118ecb0_0, 0, 1;
    %end;
    .thread T_3;
    .scope S_00000000001fdb00;
T_4 ;
    %vpi_call 2 29 "$dumpfile", "wave.vcd" {0 0 0};
    %vpi_call 2 30 "$dumpvars", 32'sb00000000000000000000000000000000, S_00000000001fdb00 {0 0 0};
    %delay 20000, 0;
    %vpi_call 2 31 "$finish" {0 0 0};
    %end;
    .thread T_4;
# The file index is used to find the file name in the following table.
:file_names 4;
    "N/A";
    "<interactive>";
    "tb.v";
    "././aaa.v";
